<?xml version="1.0" encoding="UTF-8"?>
<testsuite xmlns:xsi="http://www.w3.org/2001/XMLSchema-instance" xsi:noNamespaceSchemaLocation="https://maven.apache.org/surefire/maven-surefire-plugin/xsd/surefire-test-report.xsd" name="com.lucence.search.AppTest" time="0.006" tests="1" errors="0" skipped="0" failures="0">
  <properties>
    <property name="sun.desktop" value="windows"/>
    <property name="awt.toolkit" value="sun.awt.windows.WToolkit"/>
    <property name="file.encoding.pkg" value="sun.io"/>
    <property name="java.specification.version" value="1.8"/>
    <property name="sun.cpu.isalist" value="amd64"/>
    <property name="sun.jnu.encoding" value="Cp1254"/>
    <property name="java.class.path" value="C:\Users\Bilisim\Desktop\eclipse\development\search\target\test-classes;C:\Users\Bilisim\Desktop\eclipse\development\search\target\classes;C:\Users\Bilisim\.m2\repository\org\springframework\boot\spring-boot-starter-web\2.1.6.RELEASE\spring-boot-starter-web-2.1.6.RELEASE.jar;C:\Users\Bilisim\.m2\repository\org\springframework\boot\spring-boot-starter\2.1.6.RELEASE\spring-boot-starter-2.1.6.RELEASE.jar;C:\Users\Bilisim\.m2\repository\org\springframework\boot\spring-boot\2.1.6.RELEASE\spring-boot-2.1.6.RELEASE.jar;C:\Users\Bilisim\.m2\repository\org\springframework\boot\spring-boot-autoconfigure\2.1.6.RELEASE\spring-boot-autoconfigure-2.1.6.RELEASE.jar;C:\Users\Bilisim\.m2\repository\org\springframework\boot\spring-boot-starter-logging\2.1.6.RELEASE\spring-boot-starter-logging-2.1.6.RELEASE.jar;C:\Users\Bilisim\.m2\repository\ch\qos\logback\logback-classic\1.2.3\logback-classic-1.2.3.jar;C:\Users\Bilisim\.m2\repository\ch\qos\logback\logback-core\1.2.3\logback-core-1.2.3.jar;C:\Users\Bilisim\.m2\repository\org\apache\logging\log4j\log4j-to-slf4j\2.11.2\log4j-to-slf4j-2.11.2.jar;C:\Users\Bilisim\.m2\repository\org\apache\logging\log4j\log4j-api\2.11.2\log4j-api-2.11.2.jar;C:\Users\Bilisim\.m2\repository\org\slf4j\jul-to-slf4j\1.7.26\jul-to-slf4j-1.7.26.jar;C:\Users\Bilisim\.m2\repository\javax\annotation\javax.annotation-api\1.3.2\javax.annotation-api-1.3.2.jar;C:\Users\Bilisim\.m2\repository\org\springframework\spring-core\5.1.8.RELEASE\spring-core-5.1.8.RELEASE.jar;C:\Users\Bilisim\.m2\repository\org\springframework\spring-jcl\5.1.8.RELEASE\spring-jcl-5.1.8.RELEASE.jar;C:\Users\Bilisim\.m2\repository\org\yaml\snakeyaml\1.23\snakeyaml-1.23.jar;C:\Users\Bilisim\.m2\repository\org\springframework\boot\spring-boot-starter-json\2.1.6.RELEASE\spring-boot-starter-json-2.1.6.RELEASE.jar;C:\Users\Bilisim\.m2\repository\com\fasterxml\jackson\core\jackson-databind\2.9.9\jackson-databind-2.9.9.jar;C:\Users\Bilisim\.m2\repository\com\fasterxml\jackson\core\jackson-annotations\2.9.0\jackson-annotations-2.9.0.jar;C:\Users\Bilisim\.m2\repository\com\fasterxml\jackson\datatype\jackson-datatype-jdk8\2.9.9\jackson-datatype-jdk8-2.9.9.jar;C:\Users\Bilisim\.m2\repository\com\fasterxml\jackson\datatype\jackson-datatype-jsr310\2.9.9\jackson-datatype-jsr310-2.9.9.jar;C:\Users\Bilisim\.m2\repository\com\fasterxml\jackson\module\jackson-module-parameter-names\2.9.9\jackson-module-parameter-names-2.9.9.jar;C:\Users\Bilisim\.m2\repository\org\springframework\boot\spring-boot-starter-tomcat\2.1.6.RELEASE\spring-boot-starter-tomcat-2.1.6.RELEASE.jar;C:\Users\Bilisim\.m2\repository\org\apache\tomcat\embed\tomcat-embed-core\9.0.21\tomcat-embed-core-9.0.21.jar;C:\Users\Bilisim\.m2\repository\org\apache\tomcat\embed\tomcat-embed-el\9.0.21\tomcat-embed-el-9.0.21.jar;C:\Users\Bilisim\.m2\repository\org\apache\tomcat\embed\tomcat-embed-websocket\9.0.21\tomcat-embed-websocket-9.0.21.jar;C:\Users\Bilisim\.m2\repository\org\hibernate\validator\hibernate-validator\6.0.17.Final\hibernate-validator-6.0.17.Final.jar;C:\Users\Bilisim\.m2\repository\javax\validation\validation-api\2.0.1.Final\validation-api-2.0.1.Final.jar;C:\Users\Bilisim\.m2\repository\org\jboss\logging\jboss-logging\3.3.2.Final\jboss-logging-3.3.2.Final.jar;C:\Users\Bilisim\.m2\repository\com\fasterxml\classmate\1.4.0\classmate-1.4.0.jar;C:\Users\Bilisim\.m2\repository\org\springframework\spring-web\5.1.8.RELEASE\spring-web-5.1.8.RELEASE.jar;C:\Users\Bilisim\.m2\repository\org\springframework\spring-beans\5.1.8.RELEASE\spring-beans-5.1.8.RELEASE.jar;C:\Users\Bilisim\.m2\repository\org\springframework\spring-webmvc\5.1.8.RELEASE\spring-webmvc-5.1.8.RELEASE.jar;C:\Users\Bilisim\.m2\repository\org\springframework\spring-aop\5.1.8.RELEASE\spring-aop-5.1.8.RELEASE.jar;C:\Users\Bilisim\.m2\repository\org\springframework\spring-context\5.1.8.RELEASE\spring-context-5.1.8.RELEASE.jar;C:\Users\Bilisim\.m2\repository\org\springframework\spring-expression\5.1.8.RELEASE\spring-expression-5.1.8.RELEASE.jar;C:\Users\Bilisim\.m2\repository\org\apache\lucene\lucene-core\6.6.0\lucene-core-6.6.0.jar;C:\Users\Bilisim\.m2\repository\org\apache\lucene\lucene-benchmark\6.6.0\lucene-benchmark-6.6.0.jar;C:\Users\Bilisim\.m2\repository\org\apache\lucene\lucene-codecs\6.6.0\lucene-codecs-6.6.0.jar;C:\Users\Bilisim\.m2\repository\org\apache\lucene\lucene-facet\6.6.0\lucene-facet-6.6.0.jar;C:\Users\Bilisim\.m2\repository\org\apache\lucene\lucene-join\6.6.0\lucene-join-6.6.0.jar;C:\Users\Bilisim\.m2\repository\org\apache\lucene\lucene-memory\6.6.0\lucene-memory-6.6.0.jar;C:\Users\Bilisim\.m2\repository\org\apache\lucene\lucene-queries\6.6.0\lucene-queries-6.6.0.jar;C:\Users\Bilisim\.m2\repository\org\apache\lucene\lucene-spatial-extras\6.6.0\lucene-spatial-extras-6.6.0.jar;C:\Users\Bilisim\.m2\repository\com\ibm\icu\icu4j\56.1\icu4j-56.1.jar;C:\Users\Bilisim\.m2\repository\net\sourceforge\nekohtml\nekohtml\1.9.22\nekohtml-1.9.22.jar;C:\Users\Bilisim\.m2\repository\org\apache\commons\commons-compress\1.11\commons-compress-1.11.jar;C:\Users\Bilisim\.m2\repository\org\locationtech\spatial4j\spatial4j\0.6\spatial4j-0.6.jar;C:\Users\Bilisim\.m2\repository\xerces\xercesImpl\2.9.1\xercesImpl-2.9.1.jar;C:\Users\Bilisim\.m2\repository\org\apache\lucene\lucene-analyzers-common\6.6.0\lucene-analyzers-common-6.6.0.jar;C:\Users\Bilisim\.m2\repository\org\apache\lucene\lucene-queryparser\6.6.0\lucene-queryparser-6.6.0.jar;C:\Users\Bilisim\.m2\repository\org\apache\lucene\lucene-sandbox\6.6.0\lucene-sandbox-6.6.0.jar;C:\Users\Bilisim\.m2\repository\net\sf\jtidy\jtidy\r938\jtidy-r938.jar;C:\Users\Bilisim\.m2\repository\commons-digester\commons-digester\1.7\commons-digester-1.7.jar;C:\Users\Bilisim\.m2\repository\commons-beanutils\commons-beanutils\1.6\commons-beanutils-1.6.jar;C:\Users\Bilisim\.m2\repository\commons-logging\commons-logging\1.0\commons-logging-1.0.jar;C:\Users\Bilisim\.m2\repository\commons-collections\commons-collections\2.1\commons-collections-2.1.jar;C:\Users\Bilisim\.m2\repository\xml-apis\xml-apis\1.4.01\xml-apis-1.4.01.jar;C:\Users\Bilisim\.m2\repository\org\apache\lucene\lucene-highlighter\6.6.0\lucene-highlighter-6.6.0.jar;C:\Users\Bilisim\.m2\repository\org\apache\tika\tika-parsers\1.13\tika-parsers-1.13.jar;C:\Users\Bilisim\.m2\repository\org\apache\tika\tika-core\1.13\tika-core-1.13.jar;C:\Users\Bilisim\.m2\repository\org\gagravarr\vorbis-java-tika\0.8\vorbis-java-tika-0.8.jar;C:\Users\Bilisim\.m2\repository\com\healthmarketscience\jackcess\jackcess\2.1.3\jackcess-2.1.3.jar;C:\Users\Bilisim\.m2\repository\commons-lang\commons-lang\2.6\commons-lang-2.6.jar;C:\Users\Bilisim\.m2\repository\com\healthmarketscience\jackcess\jackcess-encrypt\2.1.1\jackcess-encrypt-2.1.1.jar;C:\Users\Bilisim\.m2\repository\net\sourceforge\jmatio\jmatio\1.0\jmatio-1.0.jar;C:\Users\Bilisim\.m2\repository\org\apache\james\apache-mime4j-core\0.7.2\apache-mime4j-core-0.7.2.jar;C:\Users\Bilisim\.m2\repository\org\apache\james\apache-mime4j-dom\0.7.2\apache-mime4j-dom-0.7.2.jar;C:\Users\Bilisim\.m2\repository\org\tukaani\xz\1.5\xz-1.5.jar;C:\Users\Bilisim\.m2\repository\commons-codec\commons-codec\1.11\commons-codec-1.11.jar;C:\Users\Bilisim\.m2\repository\org\apache\pdfbox\pdfbox\2.0.1\pdfbox-2.0.1.jar;C:\Users\Bilisim\.m2\repository\org\apache\pdfbox\fontbox\2.0.1\fontbox-2.0.1.jar;C:\Users\Bilisim\.m2\repository\org\apache\pdfbox\pdfbox-tools\2.0.1\pdfbox-tools-2.0.1.jar;C:\Users\Bilisim\.m2\repository\org\apache\pdfbox\pdfbox-debugger\2.0.1\pdfbox-debugger-2.0.1.jar;C:\Users\Bilisim\.m2\repository\org\apache\pdfbox\jempbox\1.8.12\jempbox-1.8.12.jar;C:\Users\Bilisim\.m2\repository\org\bouncycastle\bcmail-jdk15on\1.54\bcmail-jdk15on-1.54.jar;C:\Users\Bilisim\.m2\repository\org\bouncycastle\bcpkix-jdk15on\1.54\bcpkix-jdk15on-1.54.jar;C:\Users\Bilisim\.m2\repository\org\bouncycastle\bcprov-jdk15on\1.54\bcprov-jdk15on-1.54.jar;C:\Users\Bilisim\.m2\repository\org\apache\poi\poi\3.15-beta1\poi-3.15-beta1.jar;C:\Users\Bilisim\.m2\repository\org\apache\poi\poi-scratchpad\3.15-beta1\poi-scratchpad-3.15-beta1.jar;C:\Users\Bilisim\.m2\repository\org\apache\poi\poi-ooxml\3.15-beta1\poi-ooxml-3.15-beta1.jar;C:\Users\Bilisim\.m2\repository\org\apache\poi\poi-ooxml-schemas\3.15-beta1\poi-ooxml-schemas-3.15-beta1.jar;C:\Users\Bilisim\.m2\repository\org\apache\xmlbeans\xmlbeans\2.6.0\xmlbeans-2.6.0.jar;C:\Users\Bilisim\.m2\repository\com\github\virtuald\curvesapi\1.03\curvesapi-1.03.jar;C:\Users\Bilisim\.m2\repository\org\ccil\cowan\tagsoup\tagsoup\1.2.1\tagsoup-1.2.1.jar;C:\Users\Bilisim\.m2\repository\org\ow2\asm\asm\5.0.4\asm-5.0.4.jar;C:\Users\Bilisim\.m2\repository\com\googlecode\mp4parser\isoparser\1.1.18\isoparser-1.1.18.jar;C:\Users\Bilisim\.m2\repository\com\drewnoakes\metadata-extractor\2.8.1\metadata-extractor-2.8.1.jar;C:\Users\Bilisim\.m2\repository\com\adobe\xmp\xmpcore\5.1.2\xmpcore-5.1.2.jar;C:\Users\Bilisim\.m2\repository\de\l3s\boilerpipe\boilerpipe\1.1.0\boilerpipe-1.1.0.jar;C:\Users\Bilisim\.m2\repository\com\rometools\rome\1.5.1\rome-1.5.1.jar;C:\Users\Bilisim\.m2\repository\com\rometools\rome-utils\1.5.1\rome-utils-1.5.1.jar;C:\Users\Bilisim\.m2\repository\org\slf4j\slf4j-api\1.7.26\slf4j-api-1.7.26.jar;C:\Users\Bilisim\.m2\repository\org\gagravarr\vorbis-java-core\0.8\vorbis-java-core-0.8.jar;C:\Users\Bilisim\.m2\repository\com\googlecode\juniversalchardet\juniversalchardet\1.0.3\juniversalchardet-1.0.3.jar;C:\Users\Bilisim\.m2\repository\org\codelibs\jhighlight\1.0.2\jhighlight-1.0.2.jar;C:\Users\Bilisim\.m2\repository\com\pff\java-libpst\0.8.1\java-libpst-0.8.1.jar;C:\Users\Bilisim\.m2\repository\com\github\junrar\junrar\0.7\junrar-0.7.jar;C:\Users\Bilisim\.m2\repository\commons-logging\commons-logging-api\1.1\commons-logging-api-1.1.jar;C:\Users\Bilisim\.m2\repository\org\apache\commons\commons-vfs2\2.0\commons-vfs2-2.0.jar;C:\Users\Bilisim\.m2\repository\org\apache\maven\scm\maven-scm-api\1.4\maven-scm-api-1.4.jar;C:\Users\Bilisim\.m2\repository\org\codehaus\plexus\plexus-utils\1.5.6\plexus-utils-1.5.6.jar;C:\Users\Bilisim\.m2\repository\org\apache\maven\scm\maven-scm-provider-svnexe\1.4\maven-scm-provider-svnexe-1.4.jar;C:\Users\Bilisim\.m2\repository\org\apache\maven\scm\maven-scm-provider-svn-commons\1.4\maven-scm-provider-svn-commons-1.4.jar;C:\Users\Bilisim\.m2\repository\regexp\regexp\1.3\regexp-1.3.jar;C:\Users\Bilisim\.m2\repository\org\apache\cxf\cxf-rt-rs-client\3.0.3\cxf-rt-rs-client-3.0.3.jar;C:\Users\Bilisim\.m2\repository\org\apache\cxf\cxf-rt-transports-http\3.0.3\cxf-rt-transports-http-3.0.3.jar;C:\Users\Bilisim\.m2\repository\org\apache\cxf\cxf-core\3.0.3\cxf-core-3.0.3.jar;C:\Users\Bilisim\.m2\repository\org\codehaus\woodstox\woodstox-core-asl\4.4.1\woodstox-core-asl-4.4.1.jar;C:\Users\Bilisim\.m2\repository\org\codehaus\woodstox\stax2-api\3.1.4\stax2-api-3.1.4.jar;C:\Users\Bilisim\.m2\repository\org\apache\ws\xmlschema\xmlschema-core\2.1.0\xmlschema-core-2.1.0.jar;C:\Users\Bilisim\.m2\repository\org\apache\cxf\cxf-rt-frontend-jaxrs\3.0.3\cxf-rt-frontend-jaxrs-3.0.3.jar;C:\Users\Bilisim\.m2\repository\javax\ws\rs\javax.ws.rs-api\2.0.1\javax.ws.rs-api-2.0.1.jar;C:\Users\Bilisim\.m2\repository\org\apache\opennlp\opennlp-tools\1.5.3\opennlp-tools-1.5.3.jar;C:\Users\Bilisim\.m2\repository\org\apache\opennlp\opennlp-maxent\3.0.3\opennlp-maxent-3.0.3.jar;C:\Users\Bilisim\.m2\repository\net\sf\jwordnet\jwnl\1.3.3\jwnl-1.3.3.jar;C:\Users\Bilisim\.m2\repository\commons-io\commons-io\2.4\commons-io-2.4.jar;C:\Users\Bilisim\.m2\repository\org\apache\commons\commons-exec\1.3\commons-exec-1.3.jar;C:\Users\Bilisim\.m2\repository\com\googlecode\json-simple\json-simple\1.1.1\json-simple-1.1.1.jar;C:\Users\Bilisim\.m2\repository\org\json\json\20140107\json-20140107.jar;C:\Users\Bilisim\.m2\repository\com\google\code\gson\gson\2.8.5\gson-2.8.5.jar;C:\Users\Bilisim\.m2\repository\edu\ucar\netcdf4\4.5.5\netcdf4-4.5.5.jar;C:\Users\Bilisim\.m2\repository\net\jcip\jcip-annotations\1.0\jcip-annotations-1.0.jar;C:\Users\Bilisim\.m2\repository\net\java\dev\jna\jna\4.5.2\jna-4.5.2.jar;C:\Users\Bilisim\.m2\repository\edu\ucar\grib\4.5.5\grib-4.5.5.jar;C:\Users\Bilisim\.m2\repository\com\google\protobuf\protobuf-java\2.5.0\protobuf-java-2.5.0.jar;C:\Users\Bilisim\.m2\repository\org\jdom\jdom2\2.0.6\jdom2-2.0.6.jar;C:\Users\Bilisim\.m2\repository\org\jsoup\jsoup\1.7.2\jsoup-1.7.2.jar;C:\Users\Bilisim\.m2\repository\edu\ucar\jj2000\5.2\jj2000-5.2.jar;C:\Users\Bilisim\.m2\repository\org\itadaki\bzip2\0.9.1\bzip2-0.9.1.jar;C:\Users\Bilisim\.m2\repository\edu\ucar\cdm\4.5.5\cdm-4.5.5.jar;C:\Users\Bilisim\.m2\repository\edu\ucar\udunits\4.5.5\udunits-4.5.5.jar;C:\Users\Bilisim\.m2\repository\org\apache\httpcomponents\httpcore\4.4.11\httpcore-4.4.11.jar;C:\Users\Bilisim\.m2\repository\joda-time\joda-time\2.10.2\joda-time-2.10.2.jar;C:\Users\Bilisim\.m2\repository\org\quartz-scheduler\quartz\2.3.1\quartz-2.3.1.jar;C:\Users\Bilisim\.m2\repository\com\mchange\mchange-commons-java\0.2.15\mchange-commons-java-0.2.15.jar;C:\Users\Bilisim\.m2\repository\net\sf\ehcache\ehcache-core\2.6.2\ehcache-core-2.6.2.jar;C:\Users\Bilisim\.m2\repository\com\google\guava\guava\17.0\guava-17.0.jar;C:\Users\Bilisim\.m2\repository\com\beust\jcommander\1.35\jcommander-1.35.jar;C:\Users\Bilisim\.m2\repository\edu\ucar\httpservices\4.5.5\httpservices-4.5.5.jar;C:\Users\Bilisim\.m2\repository\org\apache\httpcomponents\httpclient\4.5.9\httpclient-4.5.9.jar;C:\Users\Bilisim\.m2\repository\org\apache\httpcomponents\httpmime\4.5.9\httpmime-4.5.9.jar;C:\Users\Bilisim\.m2\repository\org\apache\commons\commons-csv\1.0\commons-csv-1.0.jar;C:\Users\Bilisim\.m2\repository\org\apache\sis\core\sis-utility\0.6\sis-utility-0.6.jar;C:\Users\Bilisim\.m2\repository\org\apache\sis\storage\sis-netcdf\0.6\sis-netcdf-0.6.jar;C:\Users\Bilisim\.m2\repository\org\apache\sis\storage\sis-storage\0.6\sis-storage-0.6.jar;C:\Users\Bilisim\.m2\repository\org\apache\sis\core\sis-referencing\0.6\sis-referencing-0.6.jar;C:\Users\Bilisim\.m2\repository\org\apache\sis\core\sis-metadata\0.6\sis-metadata-0.6.jar;C:\Users\Bilisim\.m2\repository\org\opengis\geoapi\3.0.0\geoapi-3.0.0.jar;C:\Users\Bilisim\.m2\repository\javax\measure\jsr-275\0.9.3\jsr-275-0.9.3.jar;C:\Users\Bilisim\.m2\repository\com\fasterxml\jackson\core\jackson-core\2.9.9\jackson-core-2.9.9.jar;C:\Users\Bilisim\.m2\repository\junit\junit\3.8.1\junit-3.8.1.jar;"/>
    <property name="java.vm.vendor" value="Oracle Corporation"/>
    <property name="sun.arch.data.model" value="64"/>
    <property name="user.variant" value=""/>
    <property name="java.vendor.url" value="http://java.oracle.com/"/>
    <property name="user.timezone" value="Asia/Istanbul"/>
    <property name="java.vm.specification.version" value="1.8"/>
    <property name="os.name" value="Windows 10"/>
    <property name="user.country" value="TR"/>
    <property name="sun.java.launcher" value="SUN_STANDARD"/>
    <property name="sun.boot.library.path" value="C:\Program Files\Java\jdk1.8.0_181\jre\bin"/>
    <property name="sun.java.command" value="C:\Users\Bilisim\AppData\Local\Temp\surefire2579282504812452443\surefirebooter6591222247904362923.jar C:\Users\Bilisim\AppData\Local\Temp\surefire2579282504812452443 2020-01-30T12-48-25_637-jvmRun1 surefire7815400781631721458tmp surefire_0902932134943198175tmp"/>
    <property name="surefire.test.class.path" value="C:\Users\Bilisim\Desktop\eclipse\development\search\target\test-classes;C:\Users\Bilisim\Desktop\eclipse\development\search\target\classes;C:\Users\Bilisim\.m2\repository\org\springframework\boot\spring-boot-starter-web\2.1.6.RELEASE\spring-boot-starter-web-2.1.6.RELEASE.jar;C:\Users\Bilisim\.m2\repository\org\springframework\boot\spring-boot-starter\2.1.6.RELEASE\spring-boot-starter-2.1.6.RELEASE.jar;C:\Users\Bilisim\.m2\repository\org\springframework\boot\spring-boot\2.1.6.RELEASE\spring-boot-2.1.6.RELEASE.jar;C:\Users\Bilisim\.m2\repository\org\springframework\boot\spring-boot-autoconfigure\2.1.6.RELEASE\spring-boot-autoconfigure-2.1.6.RELEASE.jar;C:\Users\Bilisim\.m2\repository\org\springframework\boot\spring-boot-starter-logging\2.1.6.RELEASE\spring-boot-starter-logging-2.1.6.RELEASE.jar;C:\Users\Bilisim\.m2\repository\ch\qos\logback\logback-classic\1.2.3\logback-classic-1.2.3.jar;C:\Users\Bilisim\.m2\repository\ch\qos\logback\logback-core\1.2.3\logback-core-1.2.3.jar;C:\Users\Bilisim\.m2\repository\org\apache\logging\log4j\log4j-to-slf4j\2.11.2\log4j-to-slf4j-2.11.2.jar;C:\Users\Bilisim\.m2\repository\org\apache\logging\log4j\log4j-api\2.11.2\log4j-api-2.11.2.jar;C:\Users\Bilisim\.m2\repository\org\slf4j\jul-to-slf4j\1.7.26\jul-to-slf4j-1.7.26.jar;C:\Users\Bilisim\.m2\repository\javax\annotation\javax.annotation-api\1.3.2\javax.annotation-api-1.3.2.jar;C:\Users\Bilisim\.m2\repository\org\springframework\spring-core\5.1.8.RELEASE\spring-core-5.1.8.RELEASE.jar;C:\Users\Bilisim\.m2\repository\org\springframework\spring-jcl\5.1.8.RELEASE\spring-jcl-5.1.8.RELEASE.jar;C:\Users\Bilisim\.m2\repository\org\yaml\snakeyaml\1.23\snakeyaml-1.23.jar;C:\Users\Bilisim\.m2\repository\org\springframework\boot\spring-boot-starter-json\2.1.6.RELEASE\spring-boot-starter-json-2.1.6.RELEASE.jar;C:\Users\Bilisim\.m2\repository\com\fasterxml\jackson\core\jackson-databind\2.9.9\jackson-databind-2.9.9.jar;C:\Users\Bilisim\.m2\repository\com\fasterxml\jackson\core\jackson-annotations\2.9.0\jackson-annotations-2.9.0.jar;C:\Users\Bilisim\.m2\repository\com\fasterxml\jackson\datatype\jackson-datatype-jdk8\2.9.9\jackson-datatype-jdk8-2.9.9.jar;C:\Users\Bilisim\.m2\repository\com\fasterxml\jackson\datatype\jackson-datatype-jsr310\2.9.9\jackson-datatype-jsr310-2.9.9.jar;C:\Users\Bilisim\.m2\repository\com\fasterxml\jackson\module\jackson-module-parameter-names\2.9.9\jackson-module-parameter-names-2.9.9.jar;C:\Users\Bilisim\.m2\repository\org\springframework\boot\spring-boot-starter-tomcat\2.1.6.RELEASE\spring-boot-starter-tomcat-2.1.6.RELEASE.jar;C:\Users\Bilisim\.m2\repository\org\apache\tomcat\embed\tomcat-embed-core\9.0.21\tomcat-embed-core-9.0.21.jar;C:\Users\Bilisim\.m2\repository\org\apache\tomcat\embed\tomcat-embed-el\9.0.21\tomcat-embed-el-9.0.21.jar;C:\Users\Bilisim\.m2\repository\org\apache\tomcat\embed\tomcat-embed-websocket\9.0.21\tomcat-embed-websocket-9.0.21.jar;C:\Users\Bilisim\.m2\repository\org\hibernate\validator\hibernate-validator\6.0.17.Final\hibernate-validator-6.0.17.Final.jar;C:\Users\Bilisim\.m2\repository\javax\validation\validation-api\2.0.1.Final\validation-api-2.0.1.Final.jar;C:\Users\Bilisim\.m2\repository\org\jboss\logging\jboss-logging\3.3.2.Final\jboss-logging-3.3.2.Final.jar;C:\Users\Bilisim\.m2\repository\com\fasterxml\classmate\1.4.0\classmate-1.4.0.jar;C:\Users\Bilisim\.m2\repository\org\springframework\spring-web\5.1.8.RELEASE\spring-web-5.1.8.RELEASE.jar;C:\Users\Bilisim\.m2\repository\org\springframework\spring-beans\5.1.8.RELEASE\spring-beans-5.1.8.RELEASE.jar;C:\Users\Bilisim\.m2\repository\org\springframework\spring-webmvc\5.1.8.RELEASE\spring-webmvc-5.1.8.RELEASE.jar;C:\Users\Bilisim\.m2\repository\org\springframework\spring-aop\5.1.8.RELEASE\spring-aop-5.1.8.RELEASE.jar;C:\Users\Bilisim\.m2\repository\org\springframework\spring-context\5.1.8.RELEASE\spring-context-5.1.8.RELEASE.jar;C:\Users\Bilisim\.m2\repository\org\springframework\spring-expression\5.1.8.RELEASE\spring-expression-5.1.8.RELEASE.jar;C:\Users\Bilisim\.m2\repository\org\apache\lucene\lucene-core\6.6.0\lucene-core-6.6.0.jar;C:\Users\Bilisim\.m2\repository\org\apache\lucene\lucene-benchmark\6.6.0\lucene-benchmark-6.6.0.jar;C:\Users\Bilisim\.m2\repository\org\apache\lucene\lucene-codecs\6.6.0\lucene-codecs-6.6.0.jar;C:\Users\Bilisim\.m2\repository\org\apache\lucene\lucene-facet\6.6.0\lucene-facet-6.6.0.jar;C:\Users\Bilisim\.m2\repository\org\apache\lucene\lucene-join\6.6.0\lucene-join-6.6.0.jar;C:\Users\Bilisim\.m2\repository\org\apache\lucene\lucene-memory\6.6.0\lucene-memory-6.6.0.jar;C:\Users\Bilisim\.m2\repository\org\apache\lucene\lucene-queries\6.6.0\lucene-queries-6.6.0.jar;C:\Users\Bilisim\.m2\repository\org\apache\lucene\lucene-spatial-extras\6.6.0\lucene-spatial-extras-6.6.0.jar;C:\Users\Bilisim\.m2\repository\com\ibm\icu\icu4j\56.1\icu4j-56.1.jar;C:\Users\Bilisim\.m2\repository\net\sourceforge\nekohtml\nekohtml\1.9.22\nekohtml-1.9.22.jar;C:\Users\Bilisim\.m2\repository\org\apache\commons\commons-compress\1.11\commons-compress-1.11.jar;C:\Users\Bilisim\.m2\repository\org\locationtech\spatial4j\spatial4j\0.6\spatial4j-0.6.jar;C:\Users\Bilisim\.m2\repository\xerces\xercesImpl\2.9.1\xercesImpl-2.9.1.jar;C:\Users\Bilisim\.m2\repository\org\apache\lucene\lucene-analyzers-common\6.6.0\lucene-analyzers-common-6.6.0.jar;C:\Users\Bilisim\.m2\repository\org\apache\lucene\lucene-queryparser\6.6.0\lucene-queryparser-6.6.0.jar;C:\Users\Bilisim\.m2\repository\org\apache\lucene\lucene-sandbox\6.6.0\lucene-sandbox-6.6.0.jar;C:\Users\Bilisim\.m2\repository\net\sf\jtidy\jtidy\r938\jtidy-r938.jar;C:\Users\Bilisim\.m2\repository\commons-digester\commons-digester\1.7\commons-digester-1.7.jar;C:\Users\Bilisim\.m2\repository\commons-beanutils\commons-beanutils\1.6\commons-beanutils-1.6.jar;C:\Users\Bilisim\.m2\repository\commons-logging\commons-logging\1.0\commons-logging-1.0.jar;C:\Users\Bilisim\.m2\repository\commons-collections\commons-collections\2.1\commons-collections-2.1.jar;C:\Users\Bilisim\.m2\repository\xml-apis\xml-apis\1.4.01\xml-apis-1.4.01.jar;C:\Users\Bilisim\.m2\repository\org\apache\lucene\lucene-highlighter\6.6.0\lucene-highlighter-6.6.0.jar;C:\Users\Bilisim\.m2\repository\org\apache\tika\tika-parsers\1.13\tika-parsers-1.13.jar;C:\Users\Bilisim\.m2\repository\org\apache\tika\tika-core\1.13\tika-core-1.13.jar;C:\Users\Bilisim\.m2\repository\org\gagravarr\vorbis-java-tika\0.8\vorbis-java-tika-0.8.jar;C:\Users\Bilisim\.m2\repository\com\healthmarketscience\jackcess\jackcess\2.1.3\jackcess-2.1.3.jar;C:\Users\Bilisim\.m2\repository\commons-lang\commons-lang\2.6\commons-lang-2.6.jar;C:\Users\Bilisim\.m2\repository\com\healthmarketscience\jackcess\jackcess-encrypt\2.1.1\jackcess-encrypt-2.1.1.jar;C:\Users\Bilisim\.m2\repository\net\sourceforge\jmatio\jmatio\1.0\jmatio-1.0.jar;C:\Users\Bilisim\.m2\repository\org\apache\james\apache-mime4j-core\0.7.2\apache-mime4j-core-0.7.2.jar;C:\Users\Bilisim\.m2\repository\org\apache\james\apache-mime4j-dom\0.7.2\apache-mime4j-dom-0.7.2.jar;C:\Users\Bilisim\.m2\repository\org\tukaani\xz\1.5\xz-1.5.jar;C:\Users\Bilisim\.m2\repository\commons-codec\commons-codec\1.11\commons-codec-1.11.jar;C:\Users\Bilisim\.m2\repository\org\apache\pdfbox\pdfbox\2.0.1\pdfbox-2.0.1.jar;C:\Users\Bilisim\.m2\repository\org\apache\pdfbox\fontbox\2.0.1\fontbox-2.0.1.jar;C:\Users\Bilisim\.m2\repository\org\apache\pdfbox\pdfbox-tools\2.0.1\pdfbox-tools-2.0.1.jar;C:\Users\Bilisim\.m2\repository\org\apache\pdfbox\pdfbox-debugger\2.0.1\pdfbox-debugger-2.0.1.jar;C:\Users\Bilisim\.m2\repository\org\apache\pdfbox\jempbox\1.8.12\jempbox-1.8.12.jar;C:\Users\Bilisim\.m2\repository\org\bouncycastle\bcmail-jdk15on\1.54\bcmail-jdk15on-1.54.jar;C:\Users\Bilisim\.m2\repository\org\bouncycastle\bcpkix-jdk15on\1.54\bcpkix-jdk15on-1.54.jar;C:\Users\Bilisim\.m2\repository\org\bouncycastle\bcprov-jdk15on\1.54\bcprov-jdk15on-1.54.jar;C:\Users\Bilisim\.m2\repository\org\apache\poi\poi\3.15-beta1\poi-3.15-beta1.jar;C:\Users\Bilisim\.m2\repository\org\apache\poi\poi-scratchpad\3.15-beta1\poi-scratchpad-3.15-beta1.jar;C:\Users\Bilisim\.m2\repository\org\apache\poi\poi-ooxml\3.15-beta1\poi-ooxml-3.15-beta1.jar;C:\Users\Bilisim\.m2\repository\org\apache\poi\poi-ooxml-schemas\3.15-beta1\poi-ooxml-schemas-3.15-beta1.jar;C:\Users\Bilisim\.m2\repository\org\apache\xmlbeans\xmlbeans\2.6.0\xmlbeans-2.6.0.jar;C:\Users\Bilisim\.m2\repository\com\github\virtuald\curvesapi\1.03\curvesapi-1.03.jar;C:\Users\Bilisim\.m2\repository\org\ccil\cowan\tagsoup\tagsoup\1.2.1\tagsoup-1.2.1.jar;C:\Users\Bilisim\.m2\repository\org\ow2\asm\asm\5.0.4\asm-5.0.4.jar;C:\Users\Bilisim\.m2\repository\com\googlecode\mp4parser\isoparser\1.1.18\isoparser-1.1.18.jar;C:\Users\Bilisim\.m2\repository\com\drewnoakes\metadata-extractor\2.8.1\metadata-extractor-2.8.1.jar;C:\Users\Bilisim\.m2\repository\com\adobe\xmp\xmpcore\5.1.2\xmpcore-5.1.2.jar;C:\Users\Bilisim\.m2\repository\de\l3s\boilerpipe\boilerpipe\1.1.0\boilerpipe-1.1.0.jar;C:\Users\Bilisim\.m2\repository\com\rometools\rome\1.5.1\rome-1.5.1.jar;C:\Users\Bilisim\.m2\repository\com\rometools\rome-utils\1.5.1\rome-utils-1.5.1.jar;C:\Users\Bilisim\.m2\repository\org\slf4j\slf4j-api\1.7.26\slf4j-api-1.7.26.jar;C:\Users\Bilisim\.m2\repository\org\gagravarr\vorbis-java-core\0.8\vorbis-java-core-0.8.jar;C:\Users\Bilisim\.m2\repository\com\googlecode\juniversalchardet\juniversalchardet\1.0.3\juniversalchardet-1.0.3.jar;C:\Users\Bilisim\.m2\repository\org\codelibs\jhighlight\1.0.2\jhighlight-1.0.2.jar;C:\Users\Bilisim\.m2\repository\com\pff\java-libpst\0.8.1\java-libpst-0.8.1.jar;C:\Users\Bilisim\.m2\repository\com\github\junrar\junrar\0.7\junrar-0.7.jar;C:\Users\Bilisim\.m2\repository\commons-logging\commons-logging-api\1.1\commons-logging-api-1.1.jar;C:\Users\Bilisim\.m2\repository\org\apache\commons\commons-vfs2\2.0\commons-vfs2-2.0.jar;C:\Users\Bilisim\.m2\repository\org\apache\maven\scm\maven-scm-api\1.4\maven-scm-api-1.4.jar;C:\Users\Bilisim\.m2\repository\org\codehaus\plexus\plexus-utils\1.5.6\plexus-utils-1.5.6.jar;C:\Users\Bilisim\.m2\repository\org\apache\maven\scm\maven-scm-provider-svnexe\1.4\maven-scm-provider-svnexe-1.4.jar;C:\Users\Bilisim\.m2\repository\org\apache\maven\scm\maven-scm-provider-svn-commons\1.4\maven-scm-provider-svn-commons-1.4.jar;C:\Users\Bilisim\.m2\repository\regexp\regexp\1.3\regexp-1.3.jar;C:\Users\Bilisim\.m2\repository\org\apache\cxf\cxf-rt-rs-client\3.0.3\cxf-rt-rs-client-3.0.3.jar;C:\Users\Bilisim\.m2\repository\org\apache\cxf\cxf-rt-transports-http\3.0.3\cxf-rt-transports-http-3.0.3.jar;C:\Users\Bilisim\.m2\repository\org\apache\cxf\cxf-core\3.0.3\cxf-core-3.0.3.jar;C:\Users\Bilisim\.m2\repository\org\codehaus\woodstox\woodstox-core-asl\4.4.1\woodstox-core-asl-4.4.1.jar;C:\Users\Bilisim\.m2\repository\org\codehaus\woodstox\stax2-api\3.1.4\stax2-api-3.1.4.jar;C:\Users\Bilisim\.m2\repository\org\apache\ws\xmlschema\xmlschema-core\2.1.0\xmlschema-core-2.1.0.jar;C:\Users\Bilisim\.m2\repository\org\apache\cxf\cxf-rt-frontend-jaxrs\3.0.3\cxf-rt-frontend-jaxrs-3.0.3.jar;C:\Users\Bilisim\.m2\repository\javax\ws\rs\javax.ws.rs-api\2.0.1\javax.ws.rs-api-2.0.1.jar;C:\Users\Bilisim\.m2\repository\org\apache\opennlp\opennlp-tools\1.5.3\opennlp-tools-1.5.3.jar;C:\Users\Bilisim\.m2\repository\org\apache\opennlp\opennlp-maxent\3.0.3\opennlp-maxent-3.0.3.jar;C:\Users\Bilisim\.m2\repository\net\sf\jwordnet\jwnl\1.3.3\jwnl-1.3.3.jar;C:\Users\Bilisim\.m2\repository\commons-io\commons-io\2.4\commons-io-2.4.jar;C:\Users\Bilisim\.m2\repository\org\apache\commons\commons-exec\1.3\commons-exec-1.3.jar;C:\Users\Bilisim\.m2\repository\com\googlecode\json-simple\json-simple\1.1.1\json-simple-1.1.1.jar;C:\Users\Bilisim\.m2\repository\org\json\json\20140107\json-20140107.jar;C:\Users\Bilisim\.m2\repository\com\google\code\gson\gson\2.8.5\gson-2.8.5.jar;C:\Users\Bilisim\.m2\repository\edu\ucar\netcdf4\4.5.5\netcdf4-4.5.5.jar;C:\Users\Bilisim\.m2\repository\net\jcip\jcip-annotations\1.0\jcip-annotations-1.0.jar;C:\Users\Bilisim\.m2\repository\net\java\dev\jna\jna\4.5.2\jna-4.5.2.jar;C:\Users\Bilisim\.m2\repository\edu\ucar\grib\4.5.5\grib-4.5.5.jar;C:\Users\Bilisim\.m2\repository\com\google\protobuf\protobuf-java\2.5.0\protobuf-java-2.5.0.jar;C:\Users\Bilisim\.m2\repository\org\jdom\jdom2\2.0.6\jdom2-2.0.6.jar;C:\Users\Bilisim\.m2\repository\org\jsoup\jsoup\1.7.2\jsoup-1.7.2.jar;C:\Users\Bilisim\.m2\repository\edu\ucar\jj2000\5.2\jj2000-5.2.jar;C:\Users\Bilisim\.m2\repository\org\itadaki\bzip2\0.9.1\bzip2-0.9.1.jar;C:\Users\Bilisim\.m2\repository\edu\ucar\cdm\4.5.5\cdm-4.5.5.jar;C:\Users\Bilisim\.m2\repository\edu\ucar\udunits\4.5.5\udunits-4.5.5.jar;C:\Users\Bilisim\.m2\repository\org\apache\httpcomponents\httpcore\4.4.11\httpcore-4.4.11.jar;C:\Users\Bilisim\.m2\repository\joda-time\joda-time\2.10.2\joda-time-2.10.2.jar;C:\Users\Bilisim\.m2\repository\org\quartz-scheduler\quartz\2.3.1\quartz-2.3.1.jar;C:\Users\Bilisim\.m2\repository\com\mchange\mchange-commons-java\0.2.15\mchange-commons-java-0.2.15.jar;C:\Users\Bilisim\.m2\repository\net\sf\ehcache\ehcache-core\2.6.2\ehcache-core-2.6.2.jar;C:\Users\Bilisim\.m2\repository\com\google\guava\guava\17.0\guava-17.0.jar;C:\Users\Bilisim\.m2\repository\com\beust\jcommander\1.35\jcommander-1.35.jar;C:\Users\Bilisim\.m2\repository\edu\ucar\httpservices\4.5.5\httpservices-4.5.5.jar;C:\Users\Bilisim\.m2\repository\org\apache\httpcomponents\httpclient\4.5.9\httpclient-4.5.9.jar;C:\Users\Bilisim\.m2\repository\org\apache\httpcomponents\httpmime\4.5.9\httpmime-4.5.9.jar;C:\Users\Bilisim\.m2\repository\org\apache\commons\commons-csv\1.0\commons-csv-1.0.jar;C:\Users\Bilisim\.m2\repository\org\apache\sis\core\sis-utility\0.6\sis-utility-0.6.jar;C:\Users\Bilisim\.m2\repository\org\apache\sis\storage\sis-netcdf\0.6\sis-netcdf-0.6.jar;C:\Users\Bilisim\.m2\repository\org\apache\sis\storage\sis-storage\0.6\sis-storage-0.6.jar;C:\Users\Bilisim\.m2\repository\org\apache\sis\core\sis-referencing\0.6\sis-referencing-0.6.jar;C:\Users\Bilisim\.m2\repository\org\apache\sis\core\sis-metadata\0.6\sis-metadata-0.6.jar;C:\Users\Bilisim\.m2\repository\org\opengis\geoapi\3.0.0\geoapi-3.0.0.jar;C:\Users\Bilisim\.m2\repository\javax\measure\jsr-275\0.9.3\jsr-275-0.9.3.jar;C:\Users\Bilisim\.m2\repository\com\fasterxml\jackson\core\jackson-core\2.9.9\jackson-core-2.9.9.jar;C:\Users\Bilisim\.m2\repository\junit\junit\3.8.1\junit-3.8.1.jar;"/>
    <property name="sun.cpu.endian" value="little"/>
    <property name="user.home" value="C:\Users\Bilisim"/>
    <property name="user.language" value="tr"/>
    <property name="java.specification.vendor" value="Oracle Corporation"/>
    <property name="java.home" value="C:\Program Files\Java\jdk1.8.0_181\jre"/>
    <property name="basedir" value="C:\Users\Bilisim\Desktop\eclipse\development\search"/>
    <property name="file.separator" value="\"/>
    <property name="line.separator" value="&#10;"/>
    <property name="java.vm.specification.vendor" value="Oracle Corporation"/>
    <property name="java.specification.name" value="Java Platform API Specification"/>
    <property name="java.awt.graphicsenv" value="sun.awt.Win32GraphicsEnvironment"/>
    <property name="surefire.real.class.path" value="C:\Users\Bilisim\AppData\Local\Temp\surefire2579282504812452443\surefirebooter6591222247904362923.jar"/>
    <property name="sun.boot.class.path" value="C:\Program Files\Java\jdk1.8.0_181\jre\lib\resources.jar;C:\Program Files\Java\jdk1.8.0_181\jre\lib\rt.jar;C:\Program Files\Java\jdk1.8.0_181\jre\lib\sunrsasign.jar;C:\Program Files\Java\jdk1.8.0_181\jre\lib\jsse.jar;C:\Program Files\Java\jdk1.8.0_181\jre\lib\jce.jar;C:\Program Files\Java\jdk1.8.0_181\jre\lib\charsets.jar;C:\Program Files\Java\jdk1.8.0_181\jre\lib\jfr.jar;C:\Program Files\Java\jdk1.8.0_181\jre\classes"/>
    <property name="user.script" value=""/>
    <property name="sun.management.compiler" value="HotSpot 64-Bit Tiered Compilers"/>
    <property name="java.runtime.version" value="1.8.0_181-b13"/>
    <property name="user.name" value="Bilisim"/>
    <property name="path.separator" value=";"/>
    <property name="os.version" value="10.0"/>
    <property name="java.endorsed.dirs" value="C:\Program Files\Java\jdk1.8.0_181\jre\lib\endorsed"/>
    <property name="java.runtime.name" value="Java(TM) SE Runtime Environment"/>
    <property name="file.encoding" value="Cp1254"/>
    <property name="java.vm.name" value="Java HotSpot(TM) 64-Bit Server VM"/>
    <property name="localRepository" value="C:\Users\Bilisim\.m2\repository"/>
    <property name="java.vendor.url.bug" value="http://bugreport.sun.com/bugreport/"/>
    <property name="java.io.tmpdir" value="C:\Users\Bilisim\AppData\Local\Temp\"/>
    <property name="java.version" value="1.8.0_181"/>
    <property name="user.dir" value="C:\Users\Bilisim\Desktop\eclipse\development\search"/>
    <property name="os.arch" value="amd64"/>
    <property name="java.vm.specification.name" value="Java Virtual Machine Specification"/>
    <property name="java.awt.printerjob" value="sun.awt.windows.WPrinterJob"/>
    <property name="sun.os.patch.level" value=""/>
    <property name="java.library.path" value="C:\Program Files\Java\jdk1.8.0_181\jre\bin;C:\WINDOWS\Sun\Java\bin;C:\WINDOWS\system32;C:\WINDOWS;C:/Program Files/Java/jre1.8.0_181/bin/server;C:/Program Files/Java/jre1.8.0_181/bin;C:/Program Files/Java/jre1.8.0_181/lib/amd64;C:\Program Files (x86)\Common Files\Oracle\Java\javapath;C:\Program Files\Intel\iCLS Client\;C:\WINDOWS\system32;C:\WINDOWS;C:\WINDOWS\System32\Wbem;C:\WINDOWS\System32\WindowsPowerShell\v1.0\;C:\Program Files\Java\jdk-11.0.1\bin;C:\Program Files\PuTTY\;C:\Program Files\Microsoft VS Code\bin;C:\WINDOWS\System32\OpenSSH\;C:\Python27;C:\Program Files\Intel\WiFi\bin\;C:\Program Files\Common Files\Intel\WirelessCommon\;C:\Program Files\nodejs\;C:\Program Files\Git\cmd;C:\Program Files (x86)\Intel\Intel(R) Management Engine Components\DAL;C:\Program Files\Intel\Intel(R) Management Engine Components\DAL;C:\Users\Bilisim\Desktop\cocos2d-x-3.17.1\templates;C:\Users\Bilisim\Desktop\cocos2d-x-3.17.1\tools\cocos2d-console\bin;C:\Users\Bilisim\AppData\Local\Microsoft\WindowsApps;%PYTHONE2_HOME%;C:\Program Files\Intel\WiFi\bin\;C:\Program Files\Common Files\Intel\WirelessCommon\;C:\Users\Bilisim\AppData\Roaming\npm;C:\Program Files\nodejs\;C:\Users\Bilisim\AppData\Local\Google\Cloud SDK\google-cloud-sdk\bin;C:\Users\Bilisim\Desktop\eclipse;;."/>
    <property name="java.vm.info" value="mixed mode"/>
    <property name="java.vendor" value="Oracle Corporation"/>
    <property name="java.vm.version" value="25.181-b13"/>
    <property name="java.ext.dirs" value="C:\Program Files\Java\jdk1.8.0_181\jre\lib\ext;C:\WINDOWS\Sun\Java\lib\ext"/>
    <property name="sun.io.unicode.encoding" value="UnicodeLittle"/>
    <property name="java.class.version" value="52.0"/>
  </properties>
  <testcase name="testApp" classname="com.lucence.search.AppTest" time="0.001"/>
</testsuite>